2023-06-20 21:54:40,608 [AWT-EventQueue-0] INFO  marytts.main Mary starting up...
2023-06-20 21:54:40,621 [AWT-EventQueue-0] INFO  marytts.main Specification version 5.2
2023-06-20 21:54:40,621 [AWT-EventQueue-0] INFO  marytts.main Implementation version unknown
2023-06-20 21:54:40,621 [AWT-EventQueue-0] INFO  marytts.main Running on a Java 19.0.1 implementation by Oracle Corporation, on a Windows 11 platform (amd64, 10.0)
2023-06-20 21:54:41,411 [AWT-EventQueue-0] INFO  marytts.ModuleRegistry Now initiating mary module 'marytts.modules.Synthesis'
2023-06-20 21:54:41,418 [AWT-EventQueue-0] INFO  marytts.ModuleRegistry Now initiating mary module 'marytts.modules.TextToMaryXML'
2023-06-20 21:54:41,420 [AWT-EventQueue-0] INFO  marytts.ModuleRegistry Now initiating mary module 'marytts.modules.SableParser'
2023-06-20 21:54:41,431 [AWT-EventQueue-0] INFO  marytts.ModuleRegistry Now initiating mary module 'marytts.modules.SSMLParser'
2023-06-20 21:54:41,433 [AWT-EventQueue-0] INFO  marytts.ModuleRegistry Now initiating mary module 'marytts.modules.APMLParser'
2023-06-20 21:54:41,435 [AWT-EventQueue-0] INFO  marytts.ModuleRegistry Now initiating mary module 'marytts.modules.EmotionmlParser'
2023-06-20 21:54:41,436 [AWT-EventQueue-0] INFO  marytts.ModuleRegistry Now initiating mary module 'marytts.modules.JTokeniser'
2023-06-20 21:54:41,440 [AWT-EventQueue-0] INFO  marytts.ModuleRegistry Now initiating mary module 'marytts.modules.DummyTokens2Words'
2023-06-20 21:54:41,441 [AWT-EventQueue-0] INFO  marytts.ModuleRegistry Now initiating mary module 'marytts.modules.ProsodyGeneric'
2023-06-20 21:54:41,445 [AWT-EventQueue-0] INFO  marytts.ModuleRegistry Now initiating mary module 'marytts.modules.PronunciationModel'
2023-06-20 21:54:41,447 [AWT-EventQueue-0] INFO  marytts.ModuleRegistry Now initiating mary module 'marytts.modules.TargetFeatureLister'
2023-06-20 21:54:41,454 [AWT-EventQueue-0] INFO  marytts.ModuleRegistry Now initiating mary module 'marytts.modules.HalfPhoneTargetFeatureLister'
2023-06-20 21:54:41,455 [AWT-EventQueue-0] INFO  marytts.ModuleRegistry Now initiating mary module 'marytts.modules.AcousticModeller'
2023-06-20 21:54:41,457 [AWT-EventQueue-0] INFO  marytts.ModuleRegistry Now initiating mary module 'marytts.modules.RealisedAcoustparamsExtractor'
2023-06-20 21:54:41,458 [AWT-EventQueue-0] INFO  marytts.ModuleRegistry Now initiating mary module 'marytts.modules.RealisedDurationsExtractor'
2023-06-20 21:54:41,458 [AWT-EventQueue-0] INFO  marytts.ModuleRegistry Now initiating mary module 'marytts.modules.HTSEngine'
2023-06-20 21:54:41,462 [AWT-EventQueue-0] INFO  marytts.ModuleRegistry Now initiating mary module 'marytts.modules.PraatTextGridGenerator'
2023-06-20 21:54:41,464 [AWT-EventQueue-0] INFO  marytts.ModuleRegistry Now initiating mary module 'marytts.language.de.JTokeniser'
2023-06-20 21:54:41,465 [AWT-EventQueue-0] INFO  marytts.ModuleRegistry Now initiating mary module 'marytts.language.de.Preprocess'
2023-06-20 21:54:41,467 [AWT-EventQueue-0] INFO  marytts.ModuleRegistry Now initiating mary module 'marytts.modules.OpenNLPPosTagger(de,de.pos)'
2023-06-20 21:54:41,469 [AWT-EventQueue-0] INFO  marytts.ModuleRegistry Now initiating mary module 'marytts.language.de.JPhonemiser'
2023-06-20 21:54:41,472 [AWT-EventQueue-0] INFO  marytts.JPhonemiser_de User dictionary '.\user-dictionaries\userdict-de.txt' for locale 'de' does not exist. Ignoring.
2023-06-20 21:54:41,537 [AWT-EventQueue-0] INFO  marytts.ModuleRegistry Now initiating mary module 'marytts.language.de.Prosody'
2023-06-20 21:54:41,538 [AWT-EventQueue-0] INFO  marytts.ModuleRegistry Now initiating mary module 'marytts.language.de.Postlex'
2023-06-20 21:54:41,539 [AWT-EventQueue-0] INFO  marytts.ModuleRegistry Now initiating mary module 'marytts.modules.SimplePhoneme2AP(de)'
2023-06-20 21:54:41,541 [AWT-EventQueue-0] INFO  marytts.ModuleRegistry Now initiating mary module 'marytts.language.en.JTokeniser'
2023-06-20 21:54:41,544 [AWT-EventQueue-0] INFO  marytts.ModuleRegistry Now initiating mary module 'marytts.language.en.Preprocess'
2023-06-20 21:54:41,989 [AWT-EventQueue-0] INFO  marytts.ModuleRegistry Now initiating mary module 'marytts.modules.JPhonemiser(en_US.)'
2023-06-20 21:54:41,989 [AWT-EventQueue-0] INFO  marytts.JPhonemiser User dictionary '.\user-dictionaries\userdict-en_US.txt' for locale 'en_US' does not exist. Ignoring.
2023-06-20 21:54:42,157 [AWT-EventQueue-0] INFO  marytts.ModuleRegistry Now initiating mary module 'marytts.modules.JPhonemiser(en_GB.)'
2023-06-20 21:54:42,157 [AWT-EventQueue-0] INFO  marytts.JPhonemiser User dictionary '.\user-dictionaries\userdict-en_GB.txt' for locale 'en_GB' does not exist. Ignoring.
2023-06-20 21:54:42,290 [AWT-EventQueue-0] INFO  marytts.ModuleRegistry Now initiating mary module 'marytts.language.en.Prosody'
2023-06-20 21:54:42,291 [AWT-EventQueue-0] INFO  marytts.ModuleRegistry Now initiating mary module 'marytts.modules.SimplePhoneme2AP(en_US)'
2023-06-20 21:54:42,291 [AWT-EventQueue-0] INFO  marytts.ModuleRegistry Now initiating mary module 'marytts.language.en.PronunciationModel'
2023-06-20 21:54:42,292 [AWT-EventQueue-0] INFO  marytts.ModuleRegistry Now initiating mary module 'marytts.modules.OpenNLPPosTagger(en,en.pos)'
2023-06-20 21:54:42,292 [AWT-EventQueue-0] INFO  marytts.ModuleRegistry Now initiating mary module 'marytts.language.fr.Phonemiser'
2023-06-20 21:54:42,625 [AWT-EventQueue-0] INFO  marytts.ModuleRegistry Now initiating mary module 'marytts.language.fr.Preprocess'
2023-06-20 21:54:42,653 [AWT-EventQueue-0] INFO  marytts.ModuleRegistry Now initiating mary module 'marytts.modules.MinimalisticPosTagger(fr,fr.)'
2023-06-20 21:54:42,654 [AWT-EventQueue-0] INFO  marytts.ModuleRegistry Now initiating mary module 'marytts.language.it.JTokeniser'
2023-06-20 21:54:42,655 [AWT-EventQueue-0] INFO  marytts.ModuleRegistry Now initiating mary module 'marytts.language.it.Preprocess'
2023-06-20 21:54:42,656 [AWT-EventQueue-0] INFO  marytts.ModuleRegistry Now initiating mary module 'marytts.modules.JPhonemiser(it.)'
2023-06-20 21:54:42,708 [AWT-EventQueue-0] INFO  marytts.ModuleRegistry Now initiating mary module 'marytts.modules.OpenNLPPosTagger(it,it.pos)'
2023-06-20 21:54:42,708 [AWT-EventQueue-0] INFO  marytts.ModuleRegistry Now initiating mary module 'marytts.language.it.Prosody'
2023-06-20 21:54:42,709 [AWT-EventQueue-0] INFO  marytts.ModuleRegistry Now initiating mary module 'marytts.language.it.Postlex'
2023-06-20 21:54:42,716 [AWT-EventQueue-0] INFO  marytts.ModuleRegistry Now initiating mary module 'marytts.language.lb.LuxembourgishPreprocess'
2023-06-21 13:37:05,913 [AWT-EventQueue-0] INFO  marytts.main Mary starting up...
2023-06-21 13:37:05,964 [AWT-EventQueue-0] INFO  marytts.main Specification version 5.2
2023-06-21 13:37:05,964 [AWT-EventQueue-0] INFO  marytts.main Implementation version unknown
2023-06-21 13:37:05,965 [AWT-EventQueue-0] INFO  marytts.main Running on a Java 19.0.1 implementation by Oracle Corporation, on a Windows 11 platform (amd64, 10.0)
2023-06-21 13:37:07,031 [AWT-EventQueue-0] INFO  marytts.ModuleRegistry Now initiating mary module 'marytts.modules.Synthesis'
2023-06-21 13:37:07,040 [AWT-EventQueue-0] INFO  marytts.ModuleRegistry Now initiating mary module 'marytts.modules.TextToMaryXML'
2023-06-21 13:37:07,043 [AWT-EventQueue-0] INFO  marytts.ModuleRegistry Now initiating mary module 'marytts.modules.SableParser'
2023-06-21 13:37:07,045 [AWT-EventQueue-0] INFO  marytts.ModuleRegistry Now initiating mary module 'marytts.modules.SSMLParser'
2023-06-21 13:37:07,047 [AWT-EventQueue-0] INFO  marytts.ModuleRegistry Now initiating mary module 'marytts.modules.APMLParser'
2023-06-21 13:37:07,049 [AWT-EventQueue-0] INFO  marytts.ModuleRegistry Now initiating mary module 'marytts.modules.EmotionmlParser'
2023-06-21 13:37:07,053 [AWT-EventQueue-0] INFO  marytts.ModuleRegistry Now initiating mary module 'marytts.modules.JTokeniser'
2023-06-21 13:37:07,055 [AWT-EventQueue-0] INFO  marytts.ModuleRegistry Now initiating mary module 'marytts.modules.DummyTokens2Words'
2023-06-21 13:37:07,057 [AWT-EventQueue-0] INFO  marytts.ModuleRegistry Now initiating mary module 'marytts.modules.ProsodyGeneric'
2023-06-21 13:37:07,061 [AWT-EventQueue-0] INFO  marytts.ModuleRegistry Now initiating mary module 'marytts.modules.PronunciationModel'
2023-06-21 13:37:07,063 [AWT-EventQueue-0] INFO  marytts.ModuleRegistry Now initiating mary module 'marytts.modules.TargetFeatureLister'
2023-06-21 13:37:07,071 [AWT-EventQueue-0] INFO  marytts.ModuleRegistry Now initiating mary module 'marytts.modules.HalfPhoneTargetFeatureLister'
2023-06-21 13:37:07,072 [AWT-EventQueue-0] INFO  marytts.ModuleRegistry Now initiating mary module 'marytts.modules.AcousticModeller'
2023-06-21 13:37:07,074 [AWT-EventQueue-0] INFO  marytts.ModuleRegistry Now initiating mary module 'marytts.modules.RealisedAcoustparamsExtractor'
2023-06-21 13:37:07,075 [AWT-EventQueue-0] INFO  marytts.ModuleRegistry Now initiating mary module 'marytts.modules.RealisedDurationsExtractor'
2023-06-21 13:37:07,076 [AWT-EventQueue-0] INFO  marytts.ModuleRegistry Now initiating mary module 'marytts.modules.HTSEngine'
2023-06-21 13:37:07,081 [AWT-EventQueue-0] INFO  marytts.ModuleRegistry Now initiating mary module 'marytts.modules.PraatTextGridGenerator'
2023-06-21 13:37:07,095 [AWT-EventQueue-0] INFO  marytts.ModuleRegistry Now initiating mary module 'marytts.language.de.JTokeniser'
2023-06-21 13:37:07,096 [AWT-EventQueue-0] INFO  marytts.ModuleRegistry Now initiating mary module 'marytts.language.de.Preprocess'
2023-06-21 13:37:07,097 [AWT-EventQueue-0] INFO  marytts.ModuleRegistry Now initiating mary module 'marytts.modules.OpenNLPPosTagger(de,de.pos)'
2023-06-21 13:37:07,099 [AWT-EventQueue-0] INFO  marytts.ModuleRegistry Now initiating mary module 'marytts.language.de.JPhonemiser'
2023-06-21 13:37:07,103 [AWT-EventQueue-0] INFO  marytts.JPhonemiser_de User dictionary '.\user-dictionaries\userdict-de.txt' for locale 'de' does not exist. Ignoring.
2023-06-21 13:37:07,166 [AWT-EventQueue-0] INFO  marytts.ModuleRegistry Now initiating mary module 'marytts.language.de.Prosody'
2023-06-21 13:37:07,169 [AWT-EventQueue-0] INFO  marytts.ModuleRegistry Now initiating mary module 'marytts.language.de.Postlex'
2023-06-21 13:37:07,170 [AWT-EventQueue-0] INFO  marytts.ModuleRegistry Now initiating mary module 'marytts.modules.SimplePhoneme2AP(de)'
2023-06-21 13:37:07,171 [AWT-EventQueue-0] INFO  marytts.ModuleRegistry Now initiating mary module 'marytts.language.en.JTokeniser'
2023-06-21 13:37:07,174 [AWT-EventQueue-0] INFO  marytts.ModuleRegistry Now initiating mary module 'marytts.language.en.Preprocess'
2023-06-21 13:37:07,842 [AWT-EventQueue-0] INFO  marytts.ModuleRegistry Now initiating mary module 'marytts.modules.JPhonemiser(en_US.)'
2023-06-21 13:37:07,842 [AWT-EventQueue-0] INFO  marytts.JPhonemiser User dictionary '.\user-dictionaries\userdict-en_US.txt' for locale 'en_US' does not exist. Ignoring.
2023-06-21 13:37:08,027 [AWT-EventQueue-0] INFO  marytts.ModuleRegistry Now initiating mary module 'marytts.modules.JPhonemiser(en_GB.)'
2023-06-21 13:37:08,028 [AWT-EventQueue-0] INFO  marytts.JPhonemiser User dictionary '.\user-dictionaries\userdict-en_GB.txt' for locale 'en_GB' does not exist. Ignoring.
2023-06-21 13:37:08,171 [AWT-EventQueue-0] INFO  marytts.ModuleRegistry Now initiating mary module 'marytts.language.en.Prosody'
2023-06-21 13:37:08,172 [AWT-EventQueue-0] INFO  marytts.ModuleRegistry Now initiating mary module 'marytts.modules.SimplePhoneme2AP(en_US)'
2023-06-21 13:37:08,172 [AWT-EventQueue-0] INFO  marytts.ModuleRegistry Now initiating mary module 'marytts.language.en.PronunciationModel'
2023-06-21 13:37:08,173 [AWT-EventQueue-0] INFO  marytts.ModuleRegistry Now initiating mary module 'marytts.modules.OpenNLPPosTagger(en,en.pos)'
2023-06-21 13:37:08,173 [AWT-EventQueue-0] INFO  marytts.ModuleRegistry Now initiating mary module 'marytts.language.fr.Phonemiser'
2023-06-21 13:37:08,541 [AWT-EventQueue-0] INFO  marytts.ModuleRegistry Now initiating mary module 'marytts.language.fr.Preprocess'
2023-06-21 13:37:08,573 [AWT-EventQueue-0] INFO  marytts.ModuleRegistry Now initiating mary module 'marytts.modules.MinimalisticPosTagger(fr,fr.)'
2023-06-21 13:37:08,575 [AWT-EventQueue-0] INFO  marytts.ModuleRegistry Now initiating mary module 'marytts.language.it.JTokeniser'
2023-06-21 13:37:08,576 [AWT-EventQueue-0] INFO  marytts.ModuleRegistry Now initiating mary module 'marytts.language.it.Preprocess'
2023-06-21 13:37:08,577 [AWT-EventQueue-0] INFO  marytts.ModuleRegistry Now initiating mary module 'marytts.modules.JPhonemiser(it.)'
2023-06-21 13:37:08,661 [AWT-EventQueue-0] INFO  marytts.ModuleRegistry Now initiating mary module 'marytts.modules.OpenNLPPosTagger(it,it.pos)'
2023-06-21 13:37:08,661 [AWT-EventQueue-0] INFO  marytts.ModuleRegistry Now initiating mary module 'marytts.language.it.Prosody'
2023-06-21 13:37:08,662 [AWT-EventQueue-0] INFO  marytts.ModuleRegistry Now initiating mary module 'marytts.language.it.Postlex'
2023-06-21 13:37:08,663 [AWT-EventQueue-0] INFO  marytts.ModuleRegistry Now initiating mary module 'marytts.language.lb.LuxembourgishPreprocess'
2023-06-21 13:38:31,916 [AWT-EventQueue-0] INFO  marytts.main Mary starting up...
2023-06-21 13:38:31,927 [AWT-EventQueue-0] INFO  marytts.main Specification version 5.2
2023-06-21 13:38:31,927 [AWT-EventQueue-0] INFO  marytts.main Implementation version unknown
2023-06-21 13:38:31,927 [AWT-EventQueue-0] INFO  marytts.main Running on a Java 19.0.1 implementation by Oracle Corporation, on a Windows 11 platform (amd64, 10.0)
2023-06-21 13:38:32,777 [AWT-EventQueue-0] INFO  marytts.ModuleRegistry Now initiating mary module 'marytts.modules.Synthesis'
2023-06-21 13:38:32,783 [AWT-EventQueue-0] INFO  marytts.ModuleRegistry Now initiating mary module 'marytts.modules.TextToMaryXML'
2023-06-21 13:38:32,785 [AWT-EventQueue-0] INFO  marytts.ModuleRegistry Now initiating mary module 'marytts.modules.SableParser'
2023-06-21 13:38:32,787 [AWT-EventQueue-0] INFO  marytts.ModuleRegistry Now initiating mary module 'marytts.modules.SSMLParser'
2023-06-21 13:38:32,790 [AWT-EventQueue-0] INFO  marytts.ModuleRegistry Now initiating mary module 'marytts.modules.APMLParser'
2023-06-21 13:38:32,794 [AWT-EventQueue-0] INFO  marytts.ModuleRegistry Now initiating mary module 'marytts.modules.EmotionmlParser'
2023-06-21 13:38:32,807 [AWT-EventQueue-0] INFO  marytts.ModuleRegistry Now initiating mary module 'marytts.modules.JTokeniser'
2023-06-21 13:38:32,809 [AWT-EventQueue-0] INFO  marytts.ModuleRegistry Now initiating mary module 'marytts.modules.DummyTokens2Words'
2023-06-21 13:38:32,811 [AWT-EventQueue-0] INFO  marytts.ModuleRegistry Now initiating mary module 'marytts.modules.ProsodyGeneric'
2023-06-21 13:38:32,819 [AWT-EventQueue-0] INFO  marytts.ModuleRegistry Now initiating mary module 'marytts.modules.PronunciationModel'
2023-06-21 13:38:32,821 [AWT-EventQueue-0] INFO  marytts.ModuleRegistry Now initiating mary module 'marytts.modules.TargetFeatureLister'
2023-06-21 13:38:32,829 [AWT-EventQueue-0] INFO  marytts.ModuleRegistry Now initiating mary module 'marytts.modules.HalfPhoneTargetFeatureLister'
2023-06-21 13:38:32,830 [AWT-EventQueue-0] INFO  marytts.ModuleRegistry Now initiating mary module 'marytts.modules.AcousticModeller'
2023-06-21 13:38:32,832 [AWT-EventQueue-0] INFO  marytts.ModuleRegistry Now initiating mary module 'marytts.modules.RealisedAcoustparamsExtractor'
2023-06-21 13:38:32,832 [AWT-EventQueue-0] INFO  marytts.ModuleRegistry Now initiating mary module 'marytts.modules.RealisedDurationsExtractor'
2023-06-21 13:38:32,833 [AWT-EventQueue-0] INFO  marytts.ModuleRegistry Now initiating mary module 'marytts.modules.HTSEngine'
2023-06-21 13:38:32,837 [AWT-EventQueue-0] INFO  marytts.ModuleRegistry Now initiating mary module 'marytts.modules.PraatTextGridGenerator'
2023-06-21 13:38:32,839 [AWT-EventQueue-0] INFO  marytts.ModuleRegistry Now initiating mary module 'marytts.language.de.JTokeniser'
2023-06-21 13:38:32,841 [AWT-EventQueue-0] INFO  marytts.ModuleRegistry Now initiating mary module 'marytts.language.de.Preprocess'
2023-06-21 13:38:32,842 [AWT-EventQueue-0] INFO  marytts.ModuleRegistry Now initiating mary module 'marytts.modules.OpenNLPPosTagger(de,de.pos)'
2023-06-21 13:38:32,843 [AWT-EventQueue-0] INFO  marytts.ModuleRegistry Now initiating mary module 'marytts.language.de.JPhonemiser'
2023-06-21 13:38:32,847 [AWT-EventQueue-0] INFO  marytts.JPhonemiser_de User dictionary '.\user-dictionaries\userdict-de.txt' for locale 'de' does not exist. Ignoring.
2023-06-21 13:38:32,905 [AWT-EventQueue-0] INFO  marytts.ModuleRegistry Now initiating mary module 'marytts.language.de.Prosody'
2023-06-21 13:38:32,907 [AWT-EventQueue-0] INFO  marytts.ModuleRegistry Now initiating mary module 'marytts.language.de.Postlex'
2023-06-21 13:38:32,908 [AWT-EventQueue-0] INFO  marytts.ModuleRegistry Now initiating mary module 'marytts.modules.SimplePhoneme2AP(de)'
2023-06-21 13:38:32,909 [AWT-EventQueue-0] INFO  marytts.ModuleRegistry Now initiating mary module 'marytts.language.en.JTokeniser'
2023-06-21 13:38:32,912 [AWT-EventQueue-0] INFO  marytts.ModuleRegistry Now initiating mary module 'marytts.language.en.Preprocess'
2023-06-21 13:38:33,407 [AWT-EventQueue-0] INFO  marytts.ModuleRegistry Now initiating mary module 'marytts.modules.JPhonemiser(en_US.)'
2023-06-21 13:38:33,408 [AWT-EventQueue-0] INFO  marytts.JPhonemiser User dictionary '.\user-dictionaries\userdict-en_US.txt' for locale 'en_US' does not exist. Ignoring.
2023-06-21 13:38:33,604 [AWT-EventQueue-0] INFO  marytts.ModuleRegistry Now initiating mary module 'marytts.modules.JPhonemiser(en_GB.)'
2023-06-21 13:38:33,604 [AWT-EventQueue-0] INFO  marytts.JPhonemiser User dictionary '.\user-dictionaries\userdict-en_GB.txt' for locale 'en_GB' does not exist. Ignoring.
2023-06-21 13:38:33,699 [AWT-EventQueue-0] INFO  marytts.ModuleRegistry Now initiating mary module 'marytts.language.en.Prosody'
2023-06-21 13:38:33,700 [AWT-EventQueue-0] INFO  marytts.ModuleRegistry Now initiating mary module 'marytts.modules.SimplePhoneme2AP(en_US)'
2023-06-21 13:38:33,701 [AWT-EventQueue-0] INFO  marytts.ModuleRegistry Now initiating mary module 'marytts.language.en.PronunciationModel'
2023-06-21 13:38:33,702 [AWT-EventQueue-0] INFO  marytts.ModuleRegistry Now initiating mary module 'marytts.modules.OpenNLPPosTagger(en,en.pos)'
2023-06-21 13:38:33,702 [AWT-EventQueue-0] INFO  marytts.ModuleRegistry Now initiating mary module 'marytts.language.fr.Phonemiser'
2023-06-21 13:38:34,026 [AWT-EventQueue-0] INFO  marytts.ModuleRegistry Now initiating mary module 'marytts.language.fr.Preprocess'
2023-06-21 13:38:34,121 [AWT-EventQueue-0] INFO  marytts.ModuleRegistry Now initiating mary module 'marytts.modules.MinimalisticPosTagger(fr,fr.)'
2023-06-21 13:38:34,123 [AWT-EventQueue-0] INFO  marytts.ModuleRegistry Now initiating mary module 'marytts.language.it.JTokeniser'
2023-06-21 13:38:34,124 [AWT-EventQueue-0] INFO  marytts.ModuleRegistry Now initiating mary module 'marytts.language.it.Preprocess'
2023-06-21 13:38:34,125 [AWT-EventQueue-0] INFO  marytts.ModuleRegistry Now initiating mary module 'marytts.modules.JPhonemiser(it.)'
2023-06-21 13:38:34,180 [AWT-EventQueue-0] INFO  marytts.ModuleRegistry Now initiating mary module 'marytts.modules.OpenNLPPosTagger(it,it.pos)'
2023-06-21 13:38:34,181 [AWT-EventQueue-0] INFO  marytts.ModuleRegistry Now initiating mary module 'marytts.language.it.Prosody'
2023-06-21 13:38:34,181 [AWT-EventQueue-0] INFO  marytts.ModuleRegistry Now initiating mary module 'marytts.language.it.Postlex'
2023-06-21 13:38:34,182 [AWT-EventQueue-0] INFO  marytts.ModuleRegistry Now initiating mary module 'marytts.language.lb.LuxembourgishPreprocess'
